03:50:24.766 [main] ERROR com.jiangrongxin.server.controller.UserController - error
03:50:24.789 [main] WARN  com.jiangrongxin.server.controller.UserController - warn
03:50:24.790 [main] INFO  com.jiangrongxin.server.controller.UserController - info
03:50:24.790 [main] INFO  com.jiangrongxin.server.controller.UserController - debug
06:21:04.108 [main] INFO  com.jiangrongxin.server.ServerApplicationTests - Starting ServerApplicationTests on admin-PC with PID 8220 (started by admin in D:\IdeaWorkSpace\reports\server)
06:21:04.116 [main] INFO  com.jiangrongxin.server.ServerApplicationTests - The following profiles are active: dev
06:21:10.817 [main] INFO  springfox.documentation.spring.web.PropertySourcedRequestMappingHandlerMapping - Mapped URL path [/v2/api-docs] onto method [springfox.documentation.swagger2.web.Swagger2Controller#getDocumentation(String, HttpServletRequest)]
06:21:14.930 [main] INFO  springfox.documentation.spring.web.plugins.DocumentationPluginsBootstrapper - Context refreshed
06:21:15.318 [main] INFO  springfox.documentation.spring.web.plugins.DocumentationPluginsBootstrapper - Found 1 custom documentation plugin(s)
06:21:15.403 [main] INFO  springfox.documentation.spring.web.scanners.ApiListingReferenceScanner - Scanning for api listing references
06:21:15.753 [main] INFO  springfox.documentation.spring.web.readers.operation.CachingOperationNameGenerator - Generating unique operation named: findByNameUsingGET_1
06:21:15.784 [main] INFO  springfox.documentation.spring.web.readers.operation.CachingOperationNameGenerator - Generating unique operation named: findAllUsingGET_1
06:21:15.791 [main] INFO  springfox.documentation.spring.web.readers.operation.CachingOperationNameGenerator - Generating unique operation named: findByIdUsingGET_1
06:21:15.799 [main] INFO  springfox.documentation.spring.web.readers.operation.CachingOperationNameGenerator - Generating unique operation named: findByNameUsingGET_2
06:21:15.816 [main] INFO  springfox.documentation.spring.web.readers.operation.CachingOperationNameGenerator - Generating unique operation named: findByNameUsingGET_3
06:21:15.865 [main] INFO  com.jiangrongxin.server.ServerApplicationTests - Started ServerApplicationTests in 13.021 seconds (JVM running for 28.541)
06:34:51.025 [main] ERROR com.jiangrongxin.server.controller.UserController - error
06:34:51.038 [main] WARN  com.jiangrongxin.server.controller.UserController - warn
06:34:51.039 [main] INFO  com.jiangrongxin.server.controller.UserController - info
06:34:51.039 [main] INFO  com.jiangrongxin.server.controller.UserController - debug
06:54:39.564 [main] INFO  com.jiangrongxin.server.ServerApplicationTests - Starting ServerApplicationTests on admin-PC with PID 14044 (started by admin in D:\IdeaWorkSpace\reports\server)
06:54:39.673 [main] INFO  com.jiangrongxin.server.ServerApplicationTests - The following profiles are active: dev
06:55:05.171 [main] INFO  springfox.documentation.spring.web.PropertySourcedRequestMappingHandlerMapping - Mapped URL path [/v2/api-docs] onto method [springfox.documentation.swagger2.web.Swagger2Controller#getDocumentation(String, HttpServletRequest)]
06:55:09.280 [main] INFO  springfox.documentation.spring.web.plugins.DocumentationPluginsBootstrapper - Context refreshed
06:55:10.413 [main] INFO  springfox.documentation.spring.web.plugins.DocumentationPluginsBootstrapper - Found 1 custom documentation plugin(s)
06:55:11.141 [main] INFO  springfox.documentation.spring.web.scanners.ApiListingReferenceScanner - Scanning for api listing references
06:55:14.482 [main] INFO  springfox.documentation.spring.web.readers.operation.CachingOperationNameGenerator - Generating unique operation named: findByNameUsingGET_1
06:55:14.568 [main] INFO  springfox.documentation.spring.web.readers.operation.CachingOperationNameGenerator - Generating unique operation named: findAllUsingGET_1
06:55:14.573 [main] INFO  springfox.documentation.spring.web.readers.operation.CachingOperationNameGenerator - Generating unique operation named: findByIdUsingGET_1
06:55:14.578 [main] INFO  springfox.documentation.spring.web.readers.operation.CachingOperationNameGenerator - Generating unique operation named: findByNameUsingGET_2
06:55:14.584 [main] INFO  springfox.documentation.spring.web.readers.operation.CachingOperationNameGenerator - Generating unique operation named: findByNameUsingGET_3
06:55:15.146 [main] INFO  com.jiangrongxin.server.ServerApplicationTests - Started ServerApplicationTests in 43.938 seconds (JVM running for 57.182)
06:59:21.559 [main] INFO  com.jiangrongxin.server.ServerApplicationTests - Starting ServerApplicationTests on admin-PC with PID 3600 (started by admin in D:\IdeaWorkSpace\reports\server)
06:59:21.574 [main] INFO  com.jiangrongxin.server.ServerApplicationTests - The following profiles are active: dev
06:59:26.268 [main] INFO  springfox.documentation.spring.web.PropertySourcedRequestMappingHandlerMapping - Mapped URL path [/v2/api-docs] onto method [springfox.documentation.swagger2.web.Swagger2Controller#getDocumentation(String, HttpServletRequest)]
06:59:27.528 [main] INFO  springfox.documentation.spring.web.plugins.DocumentationPluginsBootstrapper - Context refreshed
06:59:27.579 [main] INFO  springfox.documentation.spring.web.plugins.DocumentationPluginsBootstrapper - Found 1 custom documentation plugin(s)
06:59:27.632 [main] INFO  springfox.documentation.spring.web.scanners.ApiListingReferenceScanner - Scanning for api listing references
06:59:27.856 [main] INFO  springfox.documentation.spring.web.readers.operation.CachingOperationNameGenerator - Generating unique operation named: findByNameUsingGET_1
06:59:27.880 [main] INFO  springfox.documentation.spring.web.readers.operation.CachingOperationNameGenerator - Generating unique operation named: findAllUsingGET_1
06:59:27.886 [main] INFO  springfox.documentation.spring.web.readers.operation.CachingOperationNameGenerator - Generating unique operation named: findByIdUsingGET_1
06:59:27.894 [main] INFO  springfox.documentation.spring.web.readers.operation.CachingOperationNameGenerator - Generating unique operation named: findByNameUsingGET_2
06:59:27.908 [main] INFO  springfox.documentation.spring.web.readers.operation.CachingOperationNameGenerator - Generating unique operation named: findByNameUsingGET_3
06:59:28.247 [main] INFO  com.jiangrongxin.server.ServerApplicationTests - Started ServerApplicationTests in 7.545 seconds (JVM running for 11.268)
07:03:30.854 [main] INFO  com.jiangrongxin.server.ServerApplicationTests - Starting ServerApplicationTests on admin-PC with PID 1852 (started by admin in D:\IdeaWorkSpace\reports\server)
07:03:30.888 [main] INFO  com.jiangrongxin.server.ServerApplicationTests - The following profiles are active: dev
07:03:37.719 [main] INFO  springfox.documentation.spring.web.PropertySourcedRequestMappingHandlerMapping - Mapped URL path [/v2/api-docs] onto method [springfox.documentation.swagger2.web.Swagger2Controller#getDocumentation(String, HttpServletRequest)]
07:03:41.534 [main] INFO  springfox.documentation.spring.web.plugins.DocumentationPluginsBootstrapper - Context refreshed
07:03:43.153 [main] INFO  springfox.documentation.spring.web.plugins.DocumentationPluginsBootstrapper - Found 1 custom documentation plugin(s)
07:03:43.939 [main] INFO  springfox.documentation.spring.web.scanners.ApiListingReferenceScanner - Scanning for api listing references
07:03:48.120 [main] INFO  springfox.documentation.spring.web.readers.operation.CachingOperationNameGenerator - Generating unique operation named: findByNameUsingGET_1
07:03:48.139 [main] INFO  springfox.documentation.spring.web.readers.operation.CachingOperationNameGenerator - Generating unique operation named: findAllUsingGET_1
07:03:48.144 [main] INFO  springfox.documentation.spring.web.readers.operation.CachingOperationNameGenerator - Generating unique operation named: findByIdUsingGET_1
07:03:48.150 [main] INFO  springfox.documentation.spring.web.readers.operation.CachingOperationNameGenerator - Generating unique operation named: findByNameUsingGET_2
07:03:48.156 [main] INFO  springfox.documentation.spring.web.readers.operation.CachingOperationNameGenerator - Generating unique operation named: findByNameUsingGET_3
07:03:48.517 [main] INFO  com.jiangrongxin.server.ServerApplicationTests - Started ServerApplicationTests in 18.731 seconds (JVM running for 24.244)
08:37:41.991 [main] INFO  com.jiangrongxin.server.ServerApplicationTests - Starting ServerApplicationTests on admin-PC with PID 11880 (started by admin in D:\IdeaWorkSpace\reports\server)
08:37:41.998 [main] INFO  com.jiangrongxin.server.ServerApplicationTests - The following profiles are active: dev
08:37:47.275 [main] INFO  springfox.documentation.spring.web.PropertySourcedRequestMappingHandlerMapping - Mapped URL path [/v2/api-docs] onto method [springfox.documentation.swagger2.web.Swagger2Controller#getDocumentation(String, HttpServletRequest)]
08:37:48.464 [main] INFO  springfox.documentation.spring.web.plugins.DocumentationPluginsBootstrapper - Context refreshed
08:37:48.522 [main] INFO  springfox.documentation.spring.web.plugins.DocumentationPluginsBootstrapper - Found 1 custom documentation plugin(s)
08:37:48.576 [main] INFO  springfox.documentation.spring.web.scanners.ApiListingReferenceScanner - Scanning for api listing references
08:37:48.791 [main] INFO  springfox.documentation.spring.web.readers.operation.CachingOperationNameGenerator - Generating unique operation named: findByNameUsingGET_1
08:37:48.809 [main] INFO  springfox.documentation.spring.web.readers.operation.CachingOperationNameGenerator - Generating unique operation named: findAllUsingGET_1
08:37:48.814 [main] INFO  springfox.documentation.spring.web.readers.operation.CachingOperationNameGenerator - Generating unique operation named: findByIdUsingGET_1
08:37:48.819 [main] INFO  springfox.documentation.spring.web.readers.operation.CachingOperationNameGenerator - Generating unique operation named: findByNameUsingGET_2
08:37:48.824 [main] INFO  springfox.documentation.spring.web.readers.operation.CachingOperationNameGenerator - Generating unique operation named: findByNameUsingGET_3
08:37:48.866 [main] INFO  com.jiangrongxin.server.ServerApplicationTests - Started ServerApplicationTests in 7.721 seconds (JVM running for 10.507)
